c:\users\danny\source\repos\toaster-protocol\spellcheck\x64\release\vc145.pdb
c:\users\danny\source\repos\toaster-protocol\spellcheck\x64\release\source.obj
c:\users\danny\source\repos\toaster-protocol\spellcheck\x64\release\pch.obj
c:\users\danny\source\repos\toaster-protocol\x64\release\input.txt
c:\users\danny\source\repos\toaster-protocol\x64\release\words.txt
c:\users\danny\source\repos\toaster-protocol\x64\release\spellcheck.exe
c:\users\danny\source\repos\toaster-protocol\x64\release\spellcheck.pdb
c:\users\danny\source\repos\toaster-protocol\spellcheck\x64\release\spellcheck.ipdb
c:\users\danny\source\repos\toaster-protocol\spellcheck\x64\release\spellcheck.iobj
c:\users\danny\source\repos\toaster-protocol\spellcheck\x64\release\spellcheck.tlog\cl.command.1.tlog
c:\users\danny\source\repos\toaster-protocol\spellcheck\x64\release\spellcheck.tlog\cl.items.tlog
c:\users\danny\source\repos\toaster-protocol\spellcheck\x64\release\spellcheck.tlog\cl.read.1.tlog
c:\users\danny\source\repos\toaster-protocol\spellcheck\x64\release\spellcheck.tlog\cl.write.1.tlog
c:\users\danny\source\repos\toaster-protocol\spellcheck\x64\release\spellcheck.tlog\copyfile.command.1.tlog
c:\users\danny\source\repos\toaster-protocol\spellcheck\x64\release\spellcheck.tlog\copyfile.read.1.tlog
c:\users\danny\source\repos\toaster-protocol\spellcheck\x64\release\spellcheck.tlog\copyfile.write.1.tlog
c:\users\danny\source\repos\toaster-protocol\spellcheck\x64\release\spellcheck.tlog\link.command.1.tlog
c:\users\danny\source\repos\toaster-protocol\spellcheck\x64\release\spellcheck.tlog\link.read.1.tlog
c:\users\danny\source\repos\toaster-protocol\spellcheck\x64\release\spellcheck.tlog\link.secondary.1.tlog
c:\users\danny\source\repos\toaster-protocol\spellcheck\x64\release\spellcheck.tlog\link.write.1.tlog
