c:\users\danny\source\repos\toaster-protocol\cipher\x64\release\vc145.pdb
c:\users\danny\source\repos\toaster-protocol\cipher\x64\release\source.obj
c:\users\danny\source\repos\toaster-protocol\x64\release\input.txt
c:\users\danny\source\repos\toaster-protocol\x64\release\input_2.txt
c:\users\danny\source\repos\toaster-protocol\x64\release\cipher.exe
c:\users\danny\source\repos\toaster-protocol\x64\release\cipher.pdb
c:\users\danny\source\repos\toaster-protocol\cipher\x64\release\cipher.ipdb
c:\users\danny\source\repos\toaster-protocol\cipher\x64\release\cipher.iobj
c:\users\danny\source\repos\toaster-protocol\cipher\x64\release\pch.obj
c:\users\danny\source\repos\toaster-protocol\cipher\x64\release\cipher.tlog\cl.command.1.tlog
c:\users\danny\source\repos\toaster-protocol\cipher\x64\release\cipher.tlog\cl.items.tlog
c:\users\danny\source\repos\toaster-protocol\cipher\x64\release\cipher.tlog\cl.read.1.tlog
c:\users\danny\source\repos\toaster-protocol\cipher\x64\release\cipher.tlog\cl.write.1.tlog
c:\users\danny\source\repos\toaster-protocol\cipher\x64\release\cipher.tlog\copyfile.command.1.tlog
c:\users\danny\source\repos\toaster-protocol\cipher\x64\release\cipher.tlog\copyfile.read.1.tlog
c:\users\danny\source\repos\toaster-protocol\cipher\x64\release\cipher.tlog\copyfile.write.1.tlog
c:\users\danny\source\repos\toaster-protocol\cipher\x64\release\cipher.tlog\link.command.1.tlog
c:\users\danny\source\repos\toaster-protocol\cipher\x64\release\cipher.tlog\link.read.1.tlog
c:\users\danny\source\repos\toaster-protocol\cipher\x64\release\cipher.tlog\link.secondary.1.tlog
c:\users\danny\source\repos\toaster-protocol\cipher\x64\release\cipher.tlog\link.write.1.tlog
